2025-02-05 17:45:43,984 - INFO - Starting StockTwits scraper...
2025-02-05 17:45:45,272 - INFO - Processing MSFT...
2025-02-05 17:46:12,317 - INFO - Found 501,032 watchers for MSFT
2025-02-05 17:46:14,317 - INFO - Processing AAPL...
2025-02-05 17:46:19,649 - INFO - Found 951,495 watchers for AAPL
2025-02-05 17:46:21,650 - INFO - Processing CRM...
2025-02-05 17:46:26,017 - INFO - Found 60,213 watchers for CRM
2025-02-05 17:46:28,018 - INFO - Processing CRWD...
2025-02-05 17:46:32,588 - INFO - Found 54,311 watchers for CRWD
2025-02-05 17:46:34,589 - INFO - Processing GOOGL...
2025-02-05 17:46:39,409 - INFO - Found 194,184 watchers for GOOGL
2025-02-05 17:46:41,410 - INFO - Processing CYBR...
2025-02-05 17:46:45,985 - INFO - Found 9,932 watchers for CYBR
2025-02-05 17:46:47,986 - INFO - Processing NVDA...
2025-02-05 17:46:54,133 - INFO - Found 576,735 watchers for NVDA
2025-02-05 17:46:56,135 - INFO - Processing LMT...
2025-02-05 17:47:00,416 - INFO - Found 30,961 watchers for LMT
2025-02-05 17:47:02,417 - INFO - Processing SHLD...
2025-02-05 17:47:05,643 - WARNING - Attempt 1 failed for SHLD: Watchers count not found in page source
2025-02-05 17:47:05,643 - INFO - Waiting 60 seconds before retry...
2025-02-05 17:48:05,644 - INFO - Processing SHLD...
2025-02-05 17:48:08,881 - WARNING - Attempt 2 failed for SHLD: Watchers count not found in page source
2025-02-05 17:48:08,882 - INFO - Waiting 120 seconds before retry...
2025-02-05 17:50:08,883 - INFO - Processing SHLD...
2025-02-05 17:50:12,062 - ERROR - Failed to get data for SHLD after 3 attempts
2025-02-05 17:50:14,063 - INFO - Processing WWD...
2025-02-05 17:50:18,535 - INFO - Found 501 watchers for WWD
2025-02-05 17:50:20,537 - INFO - Processing LYB...
2025-02-05 17:50:24,873 - INFO - Found 2,139 watchers for LYB
2025-02-05 17:50:26,875 - INFO - Processing HON...
2025-02-05 17:50:31,433 - INFO - Found 9,747 watchers for HON
2025-02-05 17:50:33,435 - INFO - Processing HTHIY...
2025-02-05 17:50:38,547 - INFO - Found 229 watchers for HTHIY
2025-02-05 17:50:40,548 - INFO - Processing WM...
2025-02-05 17:50:46,106 - INFO - Found 12,314 watchers for WM
2025-02-05 17:50:48,107 - INFO - Processing V...
2025-02-05 17:50:53,099 - INFO - Found 92,632 watchers for V
2025-02-05 17:50:55,099 - INFO - Processing FISI...
2025-02-05 17:51:02,883 - INFO - Found 95 watchers for FISI
2025-02-05 17:51:04,884 - INFO - Processing JPM...
2025-02-05 17:51:10,235 - INFO - Found 92,649 watchers for JPM
2025-02-05 17:51:12,237 - INFO - Processing MA...
2025-02-05 17:51:17,800 - INFO - Found 29,707 watchers for MA
2025-02-05 17:51:19,800 - INFO - Processing AXP...
2025-02-05 17:51:25,017 - INFO - Found 18,849 watchers for AXP
2025-02-05 17:51:27,018 - INFO - Processing EW...
2025-02-05 17:51:34,844 - INFO - Found 4,862 watchers for EW
2025-02-05 17:51:36,845 - INFO - Processing XLV...
2025-02-05 17:51:41,537 - INFO - Found 6,189 watchers for XLV
2025-02-05 17:51:43,538 - INFO - Processing NVO...
2025-02-05 17:51:47,811 - INFO - Found 13,955 watchers for NVO
2025-02-05 17:51:49,812 - INFO - Processing WMT...
2025-02-05 17:51:54,191 - INFO - Found 127,596 watchers for WMT
2025-02-05 17:51:56,192 - INFO - Processing COKE...
2025-02-05 17:52:01,290 - INFO - Found 5,825 watchers for COKE
2025-02-05 17:52:03,291 - INFO - Processing DIS...
2025-02-05 17:52:08,331 - INFO - Found 288,211 watchers for DIS
2025-02-05 17:52:10,332 - INFO - Processing AMZN...
2025-02-05 17:52:15,964 - INFO - Found 656,669 watchers for AMZN
2025-02-05 17:52:17,965 - INFO - Processing GM...
2025-02-05 17:52:23,496 - INFO - Found 49,387 watchers for GM
2025-02-05 17:52:25,497 - INFO - Processing DAL...
2025-02-05 17:52:31,266 - INFO - Found 81,350 watchers for DAL
2025-02-05 17:52:33,267 - INFO - Processing TSLA...
2025-02-05 17:52:38,445 - INFO - Found 998,508 watchers for TSLA
2025-02-05 17:52:40,446 - INFO - Processing DFH...
2025-02-05 17:52:44,848 - INFO - Found 547 watchers for DFH
2025-02-05 17:52:46,849 - INFO - Processing DLR...
2025-02-05 17:52:51,411 - INFO - Found 3,874 watchers for DLR
2025-02-05 17:52:53,412 - INFO - Processing STAG...
2025-02-05 17:52:57,761 - INFO - Found 4,776 watchers for STAG
2025-02-05 17:52:59,762 - INFO - Processing AMT...
2025-02-05 17:53:04,385 - INFO - Found 6,669 watchers for AMT
2025-02-05 17:53:06,386 - INFO - Processing NTSX...
2025-02-05 17:53:10,405 - INFO - Found 68 watchers for NTSX
2025-02-05 17:53:12,406 - INFO - Processing CPK...
2025-02-05 17:53:19,882 - INFO - Found 196 watchers for CPK
2025-02-05 17:53:21,884 - INFO - Processing GEV...
2025-02-05 17:53:26,329 - INFO - Found 2,983 watchers for GEV
2025-02-05 17:53:28,329 - INFO - Processing NETZ...
2025-02-05 17:53:42,258 - INFO - Found 14 watchers for NETZ
2025-02-05 17:53:44,259 - INFO - Processing GLD...
2025-02-05 17:53:48,663 - INFO - Found 76,419 watchers for GLD
2025-02-05 17:53:52,915 - INFO - Data exported to CSV: stock_data\stocktwits_watchers_20250205_175352.csv
2025-02-05 17:53:52,920 - ERROR - Error exporting data: No module named 'openpyxl'
2025-02-05 17:53:52,920 - INFO - Scraping completed!
